\BOOKMARK [0][-]{chapter.1}{\376\377\000D\000e\000t\000e\000r\000m\000i\000n\000i\000s\000t\000i\000c\000\040\000M\000o\000d\000e\000l\000s\000\040\000a\000n\000d\000\040\000O\000D\000E\000s}{}% 1
\BOOKMARK [1][-]{section.1.1}{\376\377\000O\000r\000d\000i\000n\000a\000r\000y\000\040\000D\000i\000f\000f\000e\000r\000e\000n\000t\000i\000a\000l\000\040\000E\000q\000u\000a\000t\000i\000o\000n\000s\000\040\000\050\000O\000D\000E\000s\000\051}{chapter.1}% 2
\BOOKMARK [1][-]{section.1.2}{\376\377\000L\000i\000n\000e\000a\000r\000\040\000O\000r\000d\000i\000n\000a\000r\000y\000\040\000D\000i\000f\000f\000e\000r\000e\000n\000t\000i\000a\000l\000\040\000E\000q\000u\000a\000t\000i\000o\000n\000s}{chapter.1}% 3
\BOOKMARK [1][-]{section.1.3}{\376\377\000A\000u\000t\000o\000n\000o\000m\000o\000u\000s\000\040\000O\000r\000d\000i\000n\000a\000r\000y\000\040\000D\000i\000f\000f\000e\000r\000e\000n\000t\000i\000a\000l\000\040\000E\000q\000u\000a\000t\000i\000o\000n\000s}{chapter.1}% 4
\BOOKMARK [1][-]{section.1.4}{\376\377\000B\000e\000r\000n\000o\000u\000l\000l\000i\000\040\000C\000a\000u\000c\000h\000y\000\040\000P\000r\000o\000b\000l\000e\000m}{chapter.1}% 5
\BOOKMARK [1][-]{section.1.5}{\376\377\000T\000h\000e\000\040\000L\000o\000g\000i\000s\000t\000i\000c\000\040\000E\000q\000u\000a\000t\000i\000o\000n}{chapter.1}% 6
\BOOKMARK [1][-]{section.1.6}{\376\377\000T\000h\000e\000\040\000S\000o\000l\000o\000w\000\040\000M\000o\000d\000e\000l\000\040\000f\000o\000r\000\040\000C\000a\000p\000i\000t\000a\000l\000\040\000A\000c\000c\000u\000m\000u\000l\000a\000t\000i\000o\000n}{chapter.1}% 7
\BOOKMARK [0][-]{chapter.2}{\376\377\000F\000o\000u\000n\000d\000a\000t\000i\000o\000n\000s\000\040\000o\000f\000\040\000P\000r\000o\000b\000a\000b\000i\000l\000i\000t\000y\000\040\000a\000n\000d\000\040\000S\000t\000o\000c\000h\000a\000s\000t\000i\000c\000\040\000P\000r\000o\000c\000e\000s\000s\000e\000s}{}% 8
\BOOKMARK [1][-]{section.2.1}{\376\377\000B\000a\000s\000i\000c\000\040\000D\000e\000f\000i\000n\000i\000t\000i\000o\000n\000s\000\040\000i\000n\000\040\000P\000r\000o\000b\000a\000b\000i\000l\000i\000t\000y\000\040\000T\000h\000e\000o\000r\000y}{chapter.2}% 9
\BOOKMARK [1][-]{section.2.2}{\376\377\000M\000a\000r\000t\000i\000n\000g\000a\000l\000e\000s}{chapter.2}% 10
\BOOKMARK [2][-]{subsection.2.2.1}{\376\377\000E\000x\000a\000m\000p\000l\000e\000s}{section.2.2}% 11
\BOOKMARK [0][-]{chapter.3}{\376\377\000B\000r\000o\000w\000n\000i\000a\000n\000\040\000M\000o\000t\000i\000o\000n\000\040\000a\000n\000d\000\040\000R\000a\000n\000d\000o\000m\000\040\000W\000a\000l\000k\000s}{}% 12
\BOOKMARK [1][-]{section.3.1}{\376\377\000C\000o\000n\000s\000t\000r\000u\000c\000t\000i\000o\000n\000\040\000o\000f\000\040\000B\000r\000o\000w\000n\000i\000a\000n\000\040\000M\000o\000t\000i\000o\000n}{chapter.3}% 13
\BOOKMARK [1][-]{section.3.2}{\376\377\000I\000n\000c\000r\000e\000m\000e\000n\000t\000s\000\040\000a\000n\000d\000\040\000P\000r\000o\000p\000e\000r\000t\000i\000e\000s\000\040\000o\000f\000\040\000t\000h\000e\000\040\000S\000y\000m\000m\000e\000t\000r\000i\000c\000\040\000a\000n\000d\000\040\000S\000c\000a\000l\000e\000d\000\040\000R\000a\000n\000d\000o\000m\000\040\000W\000a\000l\000k}{chapter.3}% 14
\BOOKMARK [1][-]{section.3.3}{\376\377\000P\000r\000o\000p\000e\000r\000t\000i\000e\000s\000\040\000o\000f\000\040\000B\000r\000o\000w\000n\000i\000a\000n\000\040\000M\000o\000t\000i\000o\000n}{chapter.3}% 15
\BOOKMARK [0][-]{chapter.4}{\376\377\000I\000t\000\364\000\040\000C\000a\000l\000c\000u\000l\000u\000s}{}% 16
\BOOKMARK [1][-]{section.4.1}{\376\377\000D\000i\000f\000f\000u\000s\000i\000o\000n\000\040\000P\000r\000o\000c\000e\000s\000s\000e\000s\000\040\000a\000n\000d\000\040\000t\000h\000e\000\040\000N\000e\000e\000d\000\040\000f\000o\000r\000\040\000I\000t\000\364\000\040\000C\000a\000l\000c\000u\000l\000u\000s}{chapter.4}% 17
\BOOKMARK [1][-]{section.4.2}{\376\377\000C\000o\000n\000s\000t\000r\000u\000c\000t\000i\000o\000n\000\040\000o\000f\000\040\000t\000h\000e\000\040\000I\000t\000\364\000\040\000I\000n\000t\000e\000g\000r\000a\000l}{chapter.4}% 18
\BOOKMARK [1][-]{section.4.3}{\376\377\000P\000r\000o\000p\000e\000r\000t\000i\000e\000s\000\040\000o\000f\000\040\000t\000h\000e\000\040\000I\000t\000\364\000\040\000I\000n\000t\000e\000g\000r\000a\000l}{chapter.4}% 19
\BOOKMARK [1][-]{section.4.4}{\376\377\000E\000x\000p\000e\000c\000t\000a\000t\000i\000o\000n\000\040\000o\000f\000\040\000a\000n\000\040\000I\000t\000\364\000\040\000I\000n\000t\000e\000g\000r\000a\000l\000\040\000a\000n\000d\000\040\000A\000p\000p\000l\000i\000c\000a\000t\000i\000o\000n}{chapter.4}% 20
\BOOKMARK [1][-]{section.4.5}{\376\377\000E\000x\000p\000e\000c\000t\000e\000d\000\040\000V\000a\000l\000u\000e\000\040\000o\000f\000\040\000a\000\040\000S\000t\000o\000c\000h\000a\000s\000t\000i\000c\000\040\000P\000r\000o\000c\000e\000s\000s\000\040\040\023\000\040\000W\000o\000r\000k\000e\000d\000\040\000E\000x\000a\000m\000p\000l\000e}{chapter.4}% 21
\BOOKMARK [1][-]{section.4.6}{\376\377\000A\000\040\000T\000r\000a\000n\000s\000f\000o\000r\000m\000a\000t\000i\000o\000n\000\040\000o\000f\000\040\000G\000B\000M\000\040\000a\000n\000d\000\040\000I\000t\000s\000\040\000E\000x\000p\000e\000c\000t\000e\000d\000\040\000V\000a\000l\000u\000e}{chapter.4}% 22
\BOOKMARK [1][-]{section.4.7}{\376\377\000I\000t\000\364\000\040\000I\000s\000o\000m\000e\000t\000r\000y\000\040\000a\000n\000d\000\040\000A\000p\000p\000l\000i\000c\000a\000t\000i\000o\000n\000\040\000t\000o\000\040\000t\000h\000e\000\040\000V\000a\000s\000i\000c\000e\000k\000\040\000M\000o\000d\000e\000l}{chapter.4}% 23
\BOOKMARK [2][-]{subsection.4.7.1}{\376\377\000A\000p\000p\000l\000i\000c\000a\000t\000i\000o\000n\000:\000\040\000V\000a\000r\000i\000a\000n\000c\000e\000\040\000i\000n\000\040\000t\000h\000e\000\040\000V\000a\000s\000i\000c\000e\000k\000\040\000I\000n\000t\000e\000r\000e\000s\000t\000\040\000R\000a\000t\000e\000\040\000M\000o\000d\000e\000l}{section.4.7}% 24
\BOOKMARK [1][-]{section.4.8}{\376\377\000I\000t\000\364\040\023\000D\000o\000e\000b\000l\000i\000n\000\040\000F\000o\000r\000m\000u\000l\000a\000\040\000a\000n\000d\000\040\000D\000i\000f\000f\000e\000r\000e\000n\000c\000e\000s\000\040\000f\000r\000o\000m\000\040\000C\000l\000a\000s\000s\000i\000c\000a\000l\000\040\000C\000a\000l\000c\000u\000l\000u\000s}{chapter.4}% 25
\BOOKMARK [1][-]{section.4.9}{\376\377\000I\000t\000\364\040\023\000D\000o\000e\000b\000l\000i\000n\000\040\000F\000o\000r\000m\000u\000l\000a\000.}{chapter.4}% 26
\BOOKMARK [2][-]{subsection.4.9.1}{\376\377\000D\000i\000f\000f\000e\000r\000e\000n\000t\000i\000a\000l\000\040\000f\000o\000r\000m\000:}{section.4.9}% 27
\BOOKMARK [2][-]{subsection.4.9.2}{\376\377\000C\000o\000m\000p\000a\000r\000i\000s\000o\000n\000\040\000w\000i\000t\000h\000\040\000C\000l\000a\000s\000s\000i\000c\000a\000l\000\040\000C\000h\000a\000i\000n\000\040\000R\000u\000l\000e}{section.4.9}% 28
\BOOKMARK [2][-]{subsection.4.9.3}{\376\377\000W\000h\000y\000\040\000t\000h\000e\000\040\000I\000t\000\364\000\040\000I\000n\000t\000e\000g\000r\000a\000l\000\040\000i\000s\000\040\000N\000o\000t\000\040\000a\000\040\000R\000i\000e\000m\000a\000n\000n\000\040\000o\000r\000\040\000L\000e\000b\000e\000s\000g\000u\000e\000\040\000I\000n\000t\000e\000g\000r\000a\000l}{section.4.9}% 29
\BOOKMARK [1][-]{section.4.10}{\376\377\000I\000t\000\364\000\040\000P\000r\000o\000c\000e\000s\000s\000\040\000a\000n\000d\000\040\000I\000t\000\364\040\023\000D\000o\000e\000b\000l\000i\000n\000\040\000F\000o\000r\000m\000u\000l\000a}{chapter.4}% 30
\BOOKMARK [2][-]{subsection.4.10.1}{\376\377\000D\000e\000f\000i\000n\000i\000t\000i\000o\000n\000\040\000o\000f\000\040\000a\000n\000\040\000I\000t\000\364\000\040\000P\000r\000o\000c\000e\000s\000s\000.}{section.4.10}% 31
\BOOKMARK [0][-]{chapter.5}{\376\377\000S\000t\000o\000c\000h\000a\000s\000t\000i\000c\000\040\000D\000i\000f\000f\000e\000r\000e\000n\000t\000i\000a\000l\000\040\000E\000q\000u\000a\000t\000i\000o\000n\000s}{}% 32
\BOOKMARK [1][-]{section.5.1}{\376\377\000S\000t\000o\000c\000h\000a\000s\000t\000i\000c\000\040\000D\000i\000f\000f\000e\000r\000e\000n\000t\000i\000a\000l\000\040\000E\000q\000u\000a\000t\000i\000o\000n\000s\000\040\000\050\000S\000D\000E\000s\000\051}{chapter.5}% 33
\BOOKMARK [2][-]{subsection.5.1.1}{\376\377\000D\000e\000f\000i\000n\000i\000t\000i\000o\000n\000.}{section.5.1}% 34
\BOOKMARK [2][-]{subsection.5.1.2}{\376\377\000E\000x\000a\000m\000p\000l\000e\000s\000\040\000o\000f\000\040\000F\000i\000n\000a\000n\000c\000i\000a\000l\000l\000y\000\040\000R\000e\000l\000e\000v\000a\000n\000t\000\040\000S\000D\000E\000s}{section.5.1}% 35
\BOOKMARK [1][-]{section.5.2}{\376\377\000E\000x\000i\000s\000t\000e\000n\000c\000e\000\040\000a\000n\000d\000\040\000U\000n\000i\000q\000u\000e\000n\000e\000s\000s\000\040\000T\000h\000e\000o\000r\000e\000m\000\040\000f\000o\000r\000\040\000S\000D\000E\000s}{chapter.5}% 36
\BOOKMARK [2][-]{subsection.5.2.1}{\376\377\000T\000h\000e\000o\000r\000e\000m\000\040\000\050\000E\000x\000i\000s\000t\000e\000n\000c\000e\000\040\000a\000n\000d\000\040\000U\000n\000i\000q\000u\000e\000n\000e\000s\000s\000\040\000o\000f\000\040\000S\000t\000r\000o\000n\000g\000\040\000S\000o\000l\000u\000t\000i\000o\000n\000s\000\051\000.}{section.5.2}% 37
\BOOKMARK [2][-]{subsection.5.2.2}{\376\377\000A\000p\000p\000l\000i\000c\000a\000t\000i\000o\000n\000s\000\040\000o\000f\000\040\000t\000h\000e\000\040\000T\000h\000e\000o\000r\000e\000m}{section.5.2}% 38
\BOOKMARK [1][-]{section.5.3}{\376\377\000G\000e\000o\000m\000e\000t\000r\000i\000c\000\040\000B\000r\000o\000w\000n\000i\000a\000n\000\040\000M\000o\000t\000i\000o\000n}{chapter.5}% 39
\BOOKMARK [1][-]{section.5.4}{\376\377\000E\000x\000p\000e\000c\000t\000e\000d\000\040\000V\000a\000l\000u\000e\000\040\000o\000f\000\040\000t\000h\000e\000\040\000E\000x\000p\000o\000n\000e\000n\000t\000i\000a\000l\000\040\000o\000f\000\040\000a\000n\000\040\000I\000t\000\364\000\040\000P\000r\000o\000c\000e\000s\000s}{chapter.5}% 40
\BOOKMARK [1][-]{section.5.5}{\376\377\000A\000p\000p\000l\000i\000c\000a\000t\000i\000o\000n\000s\000\040\000o\000f\000\040\000L\000i\000n\000e\000a\000r\000\040\000S\000D\000E\000s\000:\000\040\000I\000n\000t\000e\000r\000e\000s\000t\000\040\000R\000a\000t\000e\000\040\000M\000o\000d\000e\000l\000s}{chapter.5}% 41
\BOOKMARK [2][-]{subsection.5.5.1}{\376\377\000T\000h\000e\000\040\000V\000a\000s\000i\000c\000e\000k\000\040\000M\000o\000d\000e\000l}{section.5.5}% 42
\BOOKMARK [2][-]{subsection.5.5.2}{\376\377\000T\000h\000e\000\040\000C\000I\000R\000\040\000M\000o\000d\000e\000l}{section.5.5}% 43
\BOOKMARK [2][-]{subsection.5.5.3}{\376\377\000C\000o\000m\000p\000a\000r\000i\000s\000o\000n}{section.5.5}% 44
\BOOKMARK [1][-]{section.5.6}{\376\377\000T\000h\000e\000\040\000F\000e\000y\000n\000m\000a\000n\040\023\000K\000a\000c\000\040\000T\000h\000e\000o\000r\000e\000m}{chapter.5}% 45
\BOOKMARK [1][-]{section.5.7}{\376\377\000F\000e\000y\000n\000m\000a\000n\040\023\000K\000a\000c\000\040\000T\000h\000e\000o\000r\000e\000m\000\040\000a\000n\000d\000\040\000I\000t\000s\000\040\000A\000p\000p\000l\000i\000c\000a\000t\000i\000o\000n\000s}{chapter.5}% 46
\BOOKMARK [1][-]{section.5.8}{\376\377\000F\000e\000y\000n\000m\000a\000n\040\023\000K\000a\000c\000\040\000A\000p\000p\000l\000i\000c\000a\000t\000i\000o\000n\000:\000\040\000S\000o\000l\000v\000i\000n\000g\000\040\000a\000\040\000P\000D\000E\000\040\000w\000i\000t\000h\000\040\000L\000o\000g\000a\000r\000i\000t\000h\000m\000i\000c\000\040\000T\000e\000r\000m\000i\000n\000a\000l\000\040\000C\000o\000n\000d\000i\000t\000i\000o\000n}{chapter.5}% 47
\BOOKMARK [0][-]{chapter.6}{\376\377\000F\000i\000n\000a\000n\000c\000i\000a\000l\000\040\000A\000p\000p\000l\000i\000c\000a\000t\000i\000o\000n\000s}{}% 48
\BOOKMARK [1][-]{section.6.1}{\376\377\000I\000n\000t\000r\000o\000d\000u\000c\000t\000i\000o\000n\000\040\000t\000o\000\040\000G\000e\000o\000m\000e\000t\000r\000i\000c\000\040\000B\000r\000o\000w\000n\000i\000a\000n\000\040\000M\000o\000t\000i\000o\000n\000\040\000a\000n\000d\000\040\000R\000i\000s\000k\000-\000N\000e\000u\000t\000r\000a\000l\000\040\000P\000r\000i\000c\000i\000n\000g}{chapter.6}% 49
\BOOKMARK [1][-]{section.6.2}{\376\377\000T\000h\000e\000\040\000B\000l\000a\000c\000k\040\023\000S\000c\000h\000o\000l\000e\000s\000\040\000P\000D\000E\000\040\000a\000n\000d\000\040\000T\000e\000r\000m\000i\000n\000a\000l\000\040\000C\000o\000n\000d\000i\000t\000i\000o\000n}{chapter.6}% 50
\BOOKMARK [1][-]{section.6.3}{\376\377\000T\000h\000e\000\040\000G\000r\000e\000e\000k\000s}{chapter.6}% 51
\BOOKMARK [2][-]{subsection.6.3.1}{\376\377\000D\000e\000l\000t\000a\000\040\000\050\000\051}{section.6.3}% 52
\BOOKMARK [2][-]{subsection.6.3.2}{\376\377\000G\000a\000m\000m\000a\000\040\000\050\000\051}{section.6.3}% 53
\BOOKMARK [2][-]{subsection.6.3.3}{\376\377\000T\000h\000e\000t\000a\000\040\000\050\000\051}{section.6.3}% 54
\BOOKMARK [2][-]{subsection.6.3.4}{\376\377\000V\000e\000g\000a}{section.6.3}% 55
\BOOKMARK [2][-]{subsection.6.3.5}{\376\377\000R\000h\000o\000\040\000\050\000\051}{section.6.3}% 56
\BOOKMARK [1][-]{section.6.4}{\376\377\000D\000e\000l\000t\000a\000-\000N\000e\000u\000t\000r\000a\000l\000\040\000a\000n\000d\000\040\000L\000o\000n\000g\000-\000G\000a\000m\000m\000a\000\040\000S\000t\000r\000a\000t\000e\000g\000i\000e\000s}{chapter.6}% 57
\BOOKMARK [1][-]{section.6.5}{\376\377\000M\000o\000d\000e\000l\000\040\000A\000s\000s\000u\000m\000p\000t\000i\000o\000n\000s\000\040\000a\000n\000d\000\040\000P\000r\000a\000c\000t\000i\000c\000a\000l\000\040\000B\000e\000h\000a\000v\000i\000o\000r}{chapter.6}% 58
